<?xml version="1.0" encoding="UTF-8"?>
<!-- Generated by org.testng.reporters.JUnitXMLReporter -->
<testsuite hostname="CDAC" ignored="0" name="Default test" tests="5" failures="0" timestamp="2020-09-28T19:22:26 IST" time="306.421" errors="0">
  <testcase name="removeProduct" time="45.091" classname="TestPackages.TestRemoveItem"/>
  <testcase name="purchaseMultipleProduct" time="19.477" classname="TestPackages.TestAddToCart"/>
  <testcase name="purchaseSingleProduct" time="12.917" classname="TestPackages.TestAddToCart"/>
  <testcase name="userLogin" time="7.916" classname="TestPackages.TestUserLogin"/>
  <testcase name="checkValidationWhileCheckoutWithoutUserDetails" time="8.103" classname="TestPackages.TestCheckoutWithoutUserDetails"/>
</testsuite> <!-- Default test -->
