<?xml version="1.0" encoding="UTF-8"?>
<testng-results skipped="0" failed="0" ignored="0" total="1" passed="1">
  <reporter-output>
  </reporter-output>
  <suite name="Default suite" duration-ms="28059" started-at="2020-09-27T18:19:20 IST" finished-at="2020-09-27T18:19:48 IST">
    <groups>
    </groups>
    <test name="Default test" duration-ms="28059" started-at="2020-09-27T18:19:20 IST" finished-at="2020-09-27T18:19:48 IST">
      <class name="TestPackages.TestAddToCart">
        <test-method status="PASS" signature="setUp()[pri:0, instance:TestPackages.TestAddToCart@23e028a9]" name="setUp" is-config="true" duration-ms="15680" started-at="2020-09-27T18:19:20 IST" finished-at="2020-09-27T18:19:36 IST">
          <reporter-output>
          </reporter-output>
        </test-method> <!-- setUp -->
        <test-method status="PASS" signature="purchaseSingleProduct()[pri:0, instance:TestPackages.TestAddToCart@23e028a9]" name="purchaseSingleProduct" duration-ms="10088" started-at="2020-09-27T18:19:36 IST" finished-at="2020-09-27T18:19:46 IST">
          <reporter-output>
          </reporter-output>
        </test-method> <!-- purchaseSingleProduct -->
        <test-method status="PASS" signature="tearDown()[pri:0, instance:TestPackages.TestAddToCart@23e028a9]" name="tearDown" is-config="true" duration-ms="2143" started-at="2020-09-27T18:19:46 IST" finished-at="2020-09-27T18:19:48 IST">
          <reporter-output>
          </reporter-output>
        </test-method> <!-- tearDown -->
      </class> <!-- TestPackages.TestAddToCart -->
    </test> <!-- Default test -->
  </suite> <!-- Default suite -->
</testng-results>
