<?xml version="1.0" encoding="UTF-8"?>
<testng-results skipped="0" failed="0" ignored="0" total="5" passed="5">
  <reporter-output>
  </reporter-output>
  <suite name="Default suite" duration-ms="306421" started-at="2020-09-28T19:17:19 IST" finished-at="2020-09-28T19:22:25 IST">
    <groups>
    </groups>
    <test name="Default test" duration-ms="306421" started-at="2020-09-28T19:17:19 IST" finished-at="2020-09-28T19:22:25 IST">
      <class name="TestPackages.TestRemoveItem">
        <test-method status="PASS" signature="setUp()[pri:0, instance:TestPackages.TestRemoveItem@627551fb]" name="setUp" is-config="true" duration-ms="58732" started-at="2020-09-28T19:17:56 IST" finished-at="2020-09-28T19:18:55 IST">
          <reporter-output>
          </reporter-output>
        </test-method> <!-- setUp -->
        <test-method status="PASS" signature="removeProduct()[pri:0, instance:TestPackages.TestRemoveItem@627551fb]" name="removeProduct" duration-ms="45091" started-at="2020-09-28T19:18:55 IST" finished-at="2020-09-28T19:19:40 IST">
          <reporter-output>
          </reporter-output>
        </test-method> <!-- removeProduct -->
        <test-method status="PASS" signature="tearDown(org.testng.ITestResult)[pri:0, instance:TestPackages.TestRemoveItem@627551fb]" name="tearDown" is-config="true" duration-ms="15518" started-at="2020-09-28T19:19:40 IST" finished-at="2020-09-28T19:19:55 IST">
          <params>
            <param index="0">
              <value>
                <![CDATA[[TestResult name=removeProduct status=SUCCESS method=TestRemoveItem.removeProduct()[pri:0, instance:TestPackages.TestRemoveItem@627551fb] output={null}]]]>
              </value>
            </param>
          </params>
          <reporter-output>
          </reporter-output>
        </test-method> <!-- tearDown -->
      </class> <!-- TestPackages.TestRemoveItem -->
      <class name="TestPackages.TestAddToCart">
        <test-method status="PASS" signature="setUp()[pri:0, instance:TestPackages.TestAddToCart@2b552920]" name="setUp" is-config="true" duration-ms="25786" started-at="2020-09-28T19:19:56 IST" finished-at="2020-09-28T19:20:21 IST">
          <reporter-output>
          </reporter-output>
        </test-method> <!-- setUp -->
        <test-method status="PASS" signature="purchaseMultipleProduct()[pri:0, instance:TestPackages.TestAddToCart@2b552920]" name="purchaseMultipleProduct" duration-ms="19477" started-at="2020-09-28T19:20:21 IST" finished-at="2020-09-28T19:20:41 IST">
          <reporter-output>
          </reporter-output>
        </test-method> <!-- purchaseMultipleProduct -->
        <test-method status="PASS" signature="tearDown(org.testng.ITestResult)[pri:0, instance:TestPackages.TestAddToCart@2b552920]" name="tearDown" is-config="true" duration-ms="4207" started-at="2020-09-28T19:20:41 IST" finished-at="2020-09-28T19:20:45 IST">
          <params>
            <param index="0">
              <value>
                <![CDATA[[TestResult name=purchaseMultipleProduct status=SUCCESS method=TestAddToCart.purchaseMultipleProduct()[pri:0, instance:TestPackages.TestAddToCart@2b552920] output={null}]]]>
              </value>
            </param>
          </params>
          <reporter-output>
          </reporter-output>
        </test-method> <!-- tearDown -->
        <test-method status="PASS" signature="setUp()[pri:0, instance:TestPackages.TestAddToCart@2b552920]" name="setUp" is-config="true" duration-ms="31270" started-at="2020-09-28T19:20:45 IST" finished-at="2020-09-28T19:21:16 IST">
          <reporter-output>
          </reporter-output>
        </test-method> <!-- setUp -->
        <test-method status="PASS" signature="purchaseSingleProduct()[pri:1, instance:TestPackages.TestAddToCart@2b552920]" name="purchaseSingleProduct" duration-ms="12917" started-at="2020-09-28T19:21:16 IST" finished-at="2020-09-28T19:21:29 IST">
          <reporter-output>
          </reporter-output>
        </test-method> <!-- purchaseSingleProduct -->
        <test-method status="PASS" signature="tearDown(org.testng.ITestResult)[pri:0, instance:TestPackages.TestAddToCart@2b552920]" name="tearDown" is-config="true" duration-ms="7671" started-at="2020-09-28T19:21:29 IST" finished-at="2020-09-28T19:21:37 IST">
          <params>
            <param index="0">
              <value>
                <![CDATA[[TestResult name=purchaseSingleProduct status=SUCCESS method=TestAddToCart.purchaseSingleProduct()[pri:1, instance:TestPackages.TestAddToCart@2b552920] output={null}]]]>
              </value>
            </param>
          </params>
          <reporter-output>
          </reporter-output>
        </test-method> <!-- tearDown -->
      </class> <!-- TestPackages.TestAddToCart -->
      <class name="TestPackages.TestUserLogin">
        <test-method status="PASS" signature="setUp()[pri:0, instance:TestPackages.TestUserLogin@3701eaf6]" name="setUp" is-config="true" duration-ms="37042" started-at="2020-09-28T19:17:19 IST" finished-at="2020-09-28T19:17:56 IST">
          <reporter-output>
          </reporter-output>
        </test-method> <!-- setUp -->
        <test-method status="PASS" signature="userLogin()[pri:0, instance:TestPackages.TestUserLogin@3701eaf6]" name="userLogin" duration-ms="7916" started-at="2020-09-28T19:21:37 IST" finished-at="2020-09-28T19:21:45 IST">
          <reporter-output>
          </reporter-output>
        </test-method> <!-- userLogin -->
        <test-method status="PASS" signature="tearDown(org.testng.ITestResult)[pri:0, instance:TestPackages.TestUserLogin@3701eaf6]" name="tearDown" is-config="true" duration-ms="6919" started-at="2020-09-28T19:21:45 IST" finished-at="2020-09-28T19:21:52 IST">
          <params>
            <param index="0">
              <value>
                <![CDATA[[TestResult name=userLogin status=SUCCESS method=TestUserLogin.userLogin()[pri:0, instance:TestPackages.TestUserLogin@3701eaf6] output={null}]]]>
              </value>
            </param>
          </params>
          <reporter-output>
          </reporter-output>
        </test-method> <!-- tearDown -->
      </class> <!-- TestPackages.TestUserLogin -->
      <class name="TestPackages.TestCheckoutWithoutUserDetails">
        <test-method status="PASS" signature="setUp()[pri:0, instance:TestPackages.TestCheckoutWithoutUserDetails@2758fe70]" name="setUp" is-config="true" duration-ms="21562" started-at="2020-09-28T19:21:52 IST" finished-at="2020-09-28T19:22:13 IST">
          <reporter-output>
          </reporter-output>
        </test-method> <!-- setUp -->
        <test-method status="PASS" signature="checkValidationWhileCheckoutWithoutUserDetails()[pri:0, instance:TestPackages.TestCheckoutWithoutUserDetails@2758fe70]" name="checkValidationWhileCheckoutWithoutUserDetails" duration-ms="8103" started-at="2020-09-28T19:22:13 IST" finished-at="2020-09-28T19:22:21 IST">
          <reporter-output>
          </reporter-output>
        </test-method> <!-- checkValidationWhileCheckoutWithoutUserDetails -->
        <test-method status="PASS" signature="tearDown(org.testng.ITestResult)[pri:0, instance:TestPackages.TestCheckoutWithoutUserDetails@2758fe70]" name="tearDown" is-config="true" duration-ms="3526" started-at="2020-09-28T19:22:21 IST" finished-at="2020-09-28T19:22:25 IST">
          <params>
            <param index="0">
              <value>
                <![CDATA[[TestResult name=checkValidationWhileCheckoutWithoutUserDetails status=SUCCESS method=TestCheckoutWithoutUserDetails.checkValidationWhileCheckoutWithoutUserDetails()[pri:0, instance:TestPackages.TestCheckoutWithoutUserDetails@2758fe70] output={null}]]]>
              </value>
            </param>
          </params>
          <reporter-output>
          </reporter-output>
        </test-method> <!-- tearDown -->
      </class> <!-- TestPackages.TestCheckoutWithoutUserDetails -->
    </test> <!-- Default test -->
  </suite> <!-- Default suite -->
</testng-results>
